<?xml version="1.0" encoding="UTF-8"?>
<testsuite xmlns:xsi="http://www.w3.org/2001/XMLSchema-instance" xsi:noNamespaceSchemaLocation="https://maven.apache.org/surefire/maven-surefire-plugin/xsd/surefire-test-report-3.0.xsd" version="3.0" name="com.mahjong.service.WallServiceTest" time="0.005" tests="10" errors="0" skipped="0" failures="0">
  <properties>
[...]
</properties>
  <testcase name="testRevealMaxDoraIndicators" classname="com.mahjong.service.WallServiceTest" time="0.0">
    <system-out><![CDATA[2026-03-23 21:20:20 - Initializing wall for game test-game
2026-03-23 21:20:20 - Dead wall set up with 14 tiles, initial dora indicator: M9
2026-03-23 21:20:20 - Wall initialized with 136 tiles
2026-03-23 21:20:20 - Revealed dora indicator 2: S2
2026-03-23 21:20:20 - Revealed dora indicator 3: NORTH
2026-03-23 21:20:20 - Revealed dora indicator 4: M8
2026-03-23 21:20:20 - Revealed dora indicator 5: GREEN
2026-03-23 21:20:20 - Maximum dora indicators already revealed
2026-03-23 21:20:20 - Maximum dora indicators already revealed
]]></system-out>
  </testcase>
  <testcase name="testGetActualDoraTiles" classname="com.mahjong.service.WallServiceTest" time="0.0">
    <system-out><![CDATA[2026-03-23 21:20:20 - Initializing wall for game test-game
2026-03-23 21:20:20 - Dead wall set up with 14 tiles, initial dora indicator: M2
2026-03-23 21:20:20 - Wall initialized with 136 tiles
]]></system-out>
  </testcase>
  <testcase name="testDrawReplacementTile" classname="com.mahjong.service.WallServiceTest" time="0.001">
    <system-out><![CDATA[2026-03-23 21:20:20 - Initializing wall for game test-game
2026-03-23 21:20:20 - Dead wall set up with 14 tiles, initial dora indicator: S8
2026-03-23 21:20:20 - Wall initialized with 136 tiles
2026-03-23 21:20:20 - Drew replacement tile WHITE from dead wall
]]></system-out>
  </testcase>
  <testcase name="testDrawTileFromEmptyWall" classname="com.mahjong.service.WallServiceTest" time="0.0">
    <system-out><![CDATA[2026-03-23 21:20:20 - Initializing wall for game test-game
2026-03-23 21:20:20 - Dead wall set up with 14 tiles, initial dora indicator: WHITE
2026-03-23 21:20:20 - Wall initialized with 136 tiles
2026-03-23 21:20:20 - Wall exhausted, cannot draw more tiles
]]></system-out>
  </testcase>
  <testcase name="testTileDistribution" classname="com.mahjong.service.WallServiceTest" time="0.001">
    <system-out><![CDATA[2026-03-23 21:20:20 - Initializing wall for game test-game
2026-03-23 21:20:20 - Dead wall set up with 14 tiles, initial dora indicator: M3
2026-03-23 21:20:20 - Wall initialized with 136 tiles
]]></system-out>
  </testcase>
  <testcase name="testRevealNextDoraIndicator" classname="com.mahjong.service.WallServiceTest" time="0.0">
    <system-out><![CDATA[2026-03-23 21:20:20 - Initializing wall for game test-game
2026-03-23 21:20:20 - Dead wall set up with 14 tiles, initial dora indicator: M9
2026-03-23 21:20:20 - Wall initialized with 136 tiles
2026-03-23 21:20:20 - Revealed dora indicator 2: S2
2026-03-23 21:20:20 - Revealed dora indicator 3: S3
]]></system-out>
  </testcase>
  <testcase name="testInitializeWall" classname="com.mahjong.service.WallServiceTest" time="0.0">
    <system-out><![CDATA[2026-03-23 21:20:20 - Initializing wall for game test-game
2026-03-23 21:20:20 - Dead wall set up with 14 tiles, initial dora indicator: M7
2026-03-23 21:20:20 - Wall initialized with 136 tiles
]]></system-out>
  </testcase>
  <testcase name="testDrawTileFromWall" classname="com.mahjong.service.WallServiceTest" time="0.0">
    <system-out><![CDATA[2026-03-23 21:20:20 - Initializing wall for game test-game
2026-03-23 21:20:20 - Dead wall set up with 14 tiles, initial dora indicator: P9
2026-03-23 21:20:20 - Wall initialized with 136 tiles
2026-03-23 21:20:20 - Drew tile P7 from wall, 135 tiles remaining
]]></system-out>
  </testcase>
  <testcase name="testRedTilesInWall" classname="com.mahjong.service.WallServiceTest" time="0.0">
    <system-out><![CDATA[2026-03-23 21:20:20 - Initializing wall for game test-game
2026-03-23 21:20:20 - Dead wall set up with 14 tiles, initial dora indicator: SOUTH
2026-03-23 21:20:20 - Wall initialized with 136 tiles
]]></system-out>
  </testcase>
  <testcase name="testDealInitialHands" classname="com.mahjong.service.WallServiceTest" time="0.001">
    <system-out><![CDATA[2026-03-23 21:20:20 - Initializing wall for game test-game
2026-03-23 21:20:20 - Dead wall set up with 14 tiles, initial dora indicator: P9
2026-03-23 21:20:20 - Wall initialized with 136 tiles
2026-03-23 21:20:20 - Dealing initial hands for game test-game
2026-03-23 21:20:20 - Drew tile P9 from wall, 135 tiles remaining
2026-03-23 21:20:20 - Drew tile S7 from wall, 134 tiles remaining
2026-03-23 21:20:20 - Drew tile P5 from wall, 133 tiles remaining
2026-03-23 21:20:20 - Drew tile S1 from wall, 132 tiles remaining
2026-03-23 21:20:20 - Drew tile P1 from wall, 131 tiles remaining
2026-03-23 21:20:20 - Drew tile M2 from wall, 130 tiles remaining
2026-03-23 21:20:20 - Drew tile S1 from wall, 129 tiles remaining
2026-03-23 21:20:20 - Drew tile M4 from wall, 128 tiles remaining
2026-03-23 21:20:20 - Drew tile P8 from wall, 127 tiles remaining
2026-03-23 21:20:20 - Drew tile M1 from wall, 126 tiles remaining
2026-03-23 21:20:20 - Drew tile M2 from wall, 125 tiles remaining
2026-03-23 21:20:20 - Drew tile SOUTH from wall, 124 tiles remaining
2026-03-23 21:20:20 - Drew tile M7 from wall, 123 tiles remaining
2026-03-23 21:20:20 - Dealt 13 tiles to EAST player
2026-03-23 21:20:20 - Drew tile S5 from wall, 122 tiles remaining
2026-03-23 21:20:20 - Drew tile M4 from wall, 121 tiles remaining
2026-03-23 21:20:20 - Drew tile P1 from wall, 120 tiles remaining
2026-03-23 21:20:20 - Drew tile M6 from wall, 119 tiles remaining
2026-03-23 21:20:20 - Drew tile S3 from wall, 118 tiles remaining
2026-03-23 21:20:20 - Drew tile P2 from wall, 117 tiles remaining
2026-03-23 21:20:20 - Drew tile NORTH from wall, 116 tiles remaining
2026-03-23 21:20:20 - Drew tile M9 from wall, 115 tiles remaining
2026-03-23 21:20:20 - Drew tile S8 from wall, 114 tiles remaining
2026-03-23 21:20:20 - Drew tile M1 from wall, 113 tiles remaining
2026-03-23 21:20:20 - Drew tile S9 from wall, 112 tiles remaining
2026-03-23 21:20:20 - Drew tile GREEN from wall, 111 tiles remaining
2026-03-23 21:20:20 - Drew tile S8 from wall, 110 tiles remaining
2026-03-23 21:20:20 - Dealt 13 tiles to SOUTH player
2026-03-23 21:20:20 - Drew tile M5r from wall, 109 tiles remaining
2026-03-23 21:20:20 - Drew tile M4 from wall, 108 tiles remaining
2026-03-23 21:20:20 - Drew tile P6 from wall, 107 tiles remaining
2026-03-23 21:20:20 - Drew tile WHITE from wall, 106 tiles remaining
2026-03-23 21:20:20 - Drew tile WEST from wall, 105 tiles remaining
2026-03-23 21:20:20 - Drew tile M2 from wall, 104 tiles remaining
2026-03-23 21:20:20 - Drew tile P3 from wall, 103 tiles remaining
2026-03-23 21:20:20 - Drew tile EAST from wall, 102 tiles remaining
2026-03-23 21:20:20 - Drew tile M6 from wall, 101 tiles remaining
2026-03-23 21:20:20 - Drew tile P6 from wall, 100 tiles remaining
2026-03-23 21:20:20 - Drew tile P7 from wall, 99 tiles remaining
2026-03-23 21:20:20 - Drew tile RED from wall, 98 tiles remaining
2026-03-23 21:20:20 - Drew tile S8 from wall, 97 tiles remaining
2026-03-23 21:20:20 - Dealt 13 tiles to WEST player
2026-03-23 21:20:20 - Drew tile M1 from wall, 96 tiles remaining
2026-03-23 21:20:20 - Drew tile S3 from wall, 95 tiles remaining
2026-03-23 21:20:20 - Drew tile S3 from wall, 94 tiles remaining
2026-03-23 21:20:20 - Drew tile P9 from wall, 93 tiles remaining
2026-03-23 21:20:20 - Drew tile S7 from wall, 92 tiles remaining
2026-03-23 21:20:20 - Drew tile S2 from wall, 91 tiles remaining
2026-03-23 21:20:20 - Drew tile WHITE from wall, 90 tiles remaining
2026-03-23 21:20:20 - Drew tile P4 from wall, 89 tiles remaining
2026-03-23 21:20:20 - Drew tile M8 from wall, 88 tiles remaining
2026-03-23 21:20:20 - Drew tile M4 from wall, 87 tiles remaining
2026-03-23 21:20:20 - Drew tile SOUTH from wall, 86 tiles remaining
2026-03-23 21:20:20 - Drew tile S5 from wall, 85 tiles remaining
2026-03-23 21:20:20 - Drew tile S9 from wall, 84 tiles remaining
2026-03-23 21:20:20 - Dealt 13 tiles to NORTH player
]]></system-out>
  </testcase>
</testsuite>